#
# There is insufficient memory for the Java Runtime Environment to continue.
# Native memory allocation (malloc) failed to allocate 1373648 bytes. Error detail: Chunk::new
# Possible reasons:
#   The system is out of physical RAM or swap space
#   This process is running with CompressedOops enabled, and the Java Heap may be blocking the growth of the native heap
# Possible solutions:
#   Reduce memory load on the system
#   Increase physical memory or swap space
#   Check if swap backing store is full
#   Decrease Java heap size (-Xmx/-Xms)
#   Decrease number of Java threads
#   Decrease Java thread stack sizes (-Xss)
#   Set larger code cache with -XX:ReservedCodeCacheSize=
#   JVM is running with Unscaled Compressed Oops mode in which the Java heap is
#     placed in the first 4GB address space. The Java Heap base address is the
#     maximum limit for the native heap growth. Please use -XX:HeapBaseMinAddress
#     to set the Java Heap base and to place the Java Heap above 4GB virtual address.
# This output file may be truncated or incomplete.
#
#  Out of Memory Error (arena.cpp:162), pid=7180, tid=21256
#
# JRE version: OpenJDK Runtime Environment (24.0.2+12) (build 24.0.2+12-54)
# Java VM: OpenJDK 64-Bit Server VM (24.0.2+12-54, mixed mode, sharing, tiered, compressed oops, compressed class ptrs, g1 gc, windows-amd64)
# No core dump will be written. Minidumps are not enabled by default on client versions of Windows
#

---------------  S U M M A R Y ------------

Command Line: -javaagent:C:\Program Files\JetBrains\IntelliJ IDEA 2025.2\lib\idea_rt.jar=50599 -Dfile.encoding=UTF-8 -Dsun.stdout.encoding=UTF-8 -Dsun.stderr.encoding=UTF-8 App

Host: Intel(R) Core(TM) i5-10300H CPU @ 2.50GHz, 8 cores, 7G,  Windows 11 , 64 bit Build 26100 (10.0.26100.7019)
Time: Sat Dec  6 17:53:02 2025 Malay Peninsula Standard Time elapsed time: 2.828030 seconds (0d 0h 0m 2s)

---------------  T H R E A D  ---------------

Current thread (0x000002bfffa879c0):  JavaThread "C2 CompilerThread0" daemon [_thread_in_native, id=21256, stack(0x000000ce8bd00000,0x000000ce8be00000) (1024K)]


Current CompileTask:
C2:2828 1213       4       java.lang.String::toLowerCase (29 bytes)

Stack: [0x000000ce8bd00000,0x000000ce8be00000]
Native frames: (J=compiled Java code, j=interpreted, Vv=VM code, C=native code)
V  [jvm.dll+0x730829]  (no source info available)
V  [jvm.dll+0x8d9da3]  (no source info available)
V  [jvm.dll+0x8dc28d]  (no source info available)
V  [jvm.dll+0x8dc903]  (no source info available)
V  [jvm.dll+0x2a9f56]  (no source info available)
V  [jvm.dll+0xced7f]  (no source info available)
V  [jvm.dll+0xcefdf]  (no source info available)
V  [jvm.dll+0x154c83]  (no source info available)
V  [jvm.dll+0x73604f]  (no source info available)
V  [jvm.dll+0x26f8dc]  (no source info available)
V  [jvm.dll+0x26e8ff]  (no source info available)
V  [jvm.dll+0x1e9c90]  (no source info available)
V  [jvm.dll+0x27e0cb]  (no source info available)
V  [jvm.dll+0x27c36a]  (no source info available)
V  [jvm.dll+0x42f396]  (no source info available)
V  [jvm.dll+0x87d9eb]  (no source info available)
V  [jvm.dll+0x72ef45]  (no source info available)
C  [ucrtbase.dll+0x37b0]  (no source info available)
C  [KERNEL32.DLL+0x2e8d7]  (no source info available)
C  [ntdll.dll+0x8c53c]  (no source info available)

Lock stack of current Java thread (top to bottom):


---------------  P R O C E S S  ---------------

Threads class SMR info:
_java_thread_list=0x000002bfc9aed5d0, length=20, elements={
0x000002bfffa6fa90, 0x000002bfffa722e0, 0x000002bfffa73400, 0x000002bfffa74280,
0x000002bfffa75dc0, 0x000002bfffa76a20, 0x000002bfffa879c0, 0x000002bfc9015c50,
0x000002bfc91ea2a0, 0x000002bfc91f7b30, 0x000002bfc91f84b0, 0x000002bfc97286a0,
0x000002bfc93fd390, 0x000002bfc93fdad0, 0x000002bfc98991c0, 0x000002bfc98d49c0,
0x000002bfc992df80, 0x000002bfe6f7e7a0, 0x000002bfc9014d30, 0x000002bfc9012760
}

Java Threads: ( => current thread )
  0x000002bfffa6fa90 JavaThread "Reference Handler"          daemon [_thread_blocked, id=25888, stack(0x000000ce8b700000,0x000000ce8b800000) (1024K)]
  0x000002bfffa722e0 JavaThread "Finalizer"                  daemon [_thread_blocked, id=19536, stack(0x000000ce8b800000,0x000000ce8b900000) (1024K)]
  0x000002bfffa73400 JavaThread "Signal Dispatcher"          daemon [_thread_blocked, id=16888, stack(0x000000ce8b900000,0x000000ce8ba00000) (1024K)]
  0x000002bfffa74280 JavaThread "Attach Listener"            daemon [_thread_blocked, id=15844, stack(0x000000ce8ba00000,0x000000ce8bb00000) (1024K)]
  0x000002bfffa75dc0 JavaThread "Service Thread"             daemon [_thread_blocked, id=13112, stack(0x000000ce8bb00000,0x000000ce8bc00000) (1024K)]
  0x000002bfffa76a20 JavaThread "Monitor Deflation Thread"   daemon [_thread_blocked, id=7316, stack(0x000000ce8bc00000,0x000000ce8bd00000) (1024K)]
=>0x000002bfffa879c0 JavaThread "C2 CompilerThread0"         daemon [_thread_in_native, id=21256, stack(0x000000ce8bd00000,0x000000ce8be00000) (1024K)]
  0x000002bfc9015c50 JavaThread "C1 CompilerThread0"         daemon [_thread_blocked, id=23056, stack(0x000000ce8be00000,0x000000ce8bf00000) (1024K)]
  0x000002bfc91ea2a0 JavaThread "Common-Cleaner"             daemon [_thread_blocked, id=25200, stack(0x000000ce8bf00000,0x000000ce8c000000) (1024K)]
  0x000002bfc91f7b30 JavaThread "Monitor Ctrl-Break"         daemon [_thread_in_native, id=18988, stack(0x000000ce8c000000,0x000000ce8c100000) (1024K)]
  0x000002bfc91f84b0 JavaThread "Notification Thread"        daemon [_thread_blocked, id=12872, stack(0x000000ce8c100000,0x000000ce8c200000) (1024K)]
  0x000002bfc97286a0 JavaThread "Java2D Disposer"            daemon [_thread_blocked, id=26268, stack(0x000000ce8c200000,0x000000ce8c300000) (1024K)]
  0x000002bfc93fd390 JavaThread "AWT-Shutdown"                      [_thread_blocked, id=23696, stack(0x000000ce8c300000,0x000000ce8c400000) (1024K)]
  0x000002bfc93fdad0 JavaThread "AWT-Windows"                daemon [_thread_in_native, id=21812, stack(0x000000ce8c400000,0x000000ce8c500000) (1024K)]
  0x000002bfc98991c0 JavaThread "Java Sound Event Dispatcher" daemon [_thread_blocked, id=9364, stack(0x000000ce8c700000,0x000000ce8c800000) (1024K)]
  0x000002bfc98d49c0 JavaThread "Direct Clip"                daemon [_thread_blocked, id=14600, stack(0x000000ce8cb00000,0x000000ce8cc00000) (1024K)]
  0x000002bfc992df80 JavaThread "AWT-EventQueue-0"                  [_thread_in_native, id=9388, stack(0x000000ce8cc00000,0x000000ce8cd00000) (1024K)]
  0x000002bfe6f7e7a0 JavaThread "DestroyJavaVM"                     [_thread_blocked, id=8416, stack(0x000000ce8af00000,0x000000ce8b000000) (1024K)]
  0x000002bfc9014d30 JavaThread "C2 CompilerThread1"         daemon [_thread_in_native, id=24852, stack(0x000000ce8d200000,0x000000ce8d300000) (1024K)]
  0x000002bfc9012760 JavaThread "C2 CompilerThread2"         daemon [_thread_in_native, id=968, stack(0x000000ce8d300000,0x000000ce8d400000) (1024K)]
Total: 20

Other Threads:
  0x000002bfff91c080 VMThread "VM Thread"                           [id=12652, stack(0x000000ce8b600000,0x000000ce8b700000) (1024K)]
  0x000002bfffa552d0 WatcherThread "VM Periodic Task Thread"        [id=11104, stack(0x000000ce8b500000,0x000000ce8b600000) (1024K)]
  0x000002bfe6fd63f0 WorkerThread "GC Thread#0"                     [id=17172, stack(0x000000ce8b000000,0x000000ce8b100000) (1024K)]
  0x000002bfe7024410 ConcurrentGCThread "G1 Main Marker"            [id=6220, stack(0x000000ce8b100000,0x000000ce8b200000) (1024K)]
  0x000002bfe7026380 WorkerThread "G1 Conc#0"                       [id=21672, stack(0x000000ce8b200000,0x000000ce8b300000) (1024K)]
  0x000002bfff90d0a0 ConcurrentGCThread "G1 Refine#0"               [id=6780, stack(0x000000ce8b300000,0x000000ce8b400000) (1024K)]
  0x000002bfff90dac0 ConcurrentGCThread "G1 Service"                [id=22264, stack(0x000000ce8b400000,0x000000ce8b500000) (1024K)]
Total: 7

Threads with active compile tasks:
C2 CompilerThread0  8001 1213       4       java.lang.String::toLowerCase (29 bytes)
C2 CompilerThread1  8001 1235   !   4       sun.font.TrueTypeFont::getTableBuffer (208 bytes)
C2 CompilerThread2  8001 1288   !   4       java.lang.String::<init> (852 bytes)
Total: 3

VM state: not at safepoint (normal execution)

VM Mutex/Monitor currently owned by a thread: None

Heap address: 0x0000000083200000, size: 1998 MB, Compressed Oops mode: 32-bit

CDS archive(s) mapped at: [0x000002bf84000000-0x000002bf84d40000-0x000002bf84d40000), size 13893632, SharedBaseAddress: 0x000002bf84000000, ArchiveRelocationMode: 1.
Compressed class space mapped at: 0x000002bf85000000-0x000002bfc5000000, reserved size: 1073741824
UseCompressedClassPointers 1, UseCompactObjectHeaders 0
Narrow klass pointer bits 32, Max shift 3
Narrow klass base: 0x000002bf84000000, Narrow klass shift: 0
Encoding Range: [0x000002bf84000000 - 0x000002c084000000), (4294967296 bytes)
Klass Range:    [0x000002bf84000000 - 0x000002bfc5000000), (1090519040 bytes)
Klass ID Range:  [8 - 1090519033) (1090519025)

GC Precious Log:
 CardTable entry size: 512
 Card Set container configuration: InlinePtr #cards 5 size 8 Array Of Cards #cards 10 size 36 Howl #buckets 4 coarsen threshold 1843 Howl Bitmap #cards 512 size 80 coarsen threshold 460 Card regions per heap region 1 cards per card region 2048
 CPUs: 8 total, 8 available
 Memory: 7985M
 Large Page Support: Disabled
 NUMA Support: Disabled
 Compressed Oops: Enabled (32-bit)
 Heap Region Size: 1M
 Heap Min Capacity: 8M
 Heap Initial Capacity: 126M
 Heap Max Capacity: 1998M
 Pre-touch: Disabled
 Parallel Workers: 8
 Concurrent Workers: 2
 Concurrent Refinement Workers: 8
 Periodic GC: Disabled

Heap:
 garbage-first heap   total reserved 2045952K, committed 131072K, used 32880K [0x0000000083200000, 0x0000000100000000)
  region size 1024K, 25 young (25600K), 0 survivors (0K)
 Metaspace       used 8501K, committed 8768K, reserved 1114112K
  class space    used 696K, committed 832K, reserved 1048576K

Heap Regions: E=young(eden), S=young(survivor), O=old, HS=humongous(starts), HC=humongous(continues), CS=collection set, F=free, TAMS=top-at-mark-start, PB=parsable bottom
|   0|0x0000000083200000, 0x0000000083300000, 0x0000000083300000|100%|HS|  |TAMS 0x0000000083200000| PB 0x0000000083200000| Complete |  1
|   1|0x0000000083300000, 0x0000000083400000, 0x0000000083400000|100%|HC|  |TAMS 0x0000000083300000| PB 0x0000000083300000| Complete |  0
|   2|0x0000000083400000, 0x0000000083500000, 0x0000000083500000|100%|HS|  |TAMS 0x0000000083400000| PB 0x0000000083400000| Complete |  0
|   3|0x0000000083500000, 0x0000000083600000, 0x0000000083600000|100%|HC|  |TAMS 0x0000000083500000| PB 0x0000000083500000| Complete |  0
|   4|0x0000000083600000, 0x0000000083700000, 0x0000000083700000|100%|HC|  |TAMS 0x0000000083600000| PB 0x0000000083600000| Complete |  0
|   5|0x0000000083700000, 0x0000000083800000, 0x0000000083800000|100%|HC|  |TAMS 0x0000000083700000| PB 0x0000000083700000| Complete |  0
|   6|0x0000000083800000, 0x0000000083900000, 0x0000000083900000|100%|HC|  |TAMS 0x0000000083800000| PB 0x0000000083800000| Complete |  0
|   7|0x0000000083900000, 0x0000000083900000, 0x0000000083a00000|  0%| F|  |TAMS 0x0000000083900000| PB 0x0000000083900000| Untracked |  0
|   8|0x0000000083a00000, 0x0000000083a00000, 0x0000000083b00000|  0%| F|  |TAMS 0x0000000083a00000| PB 0x0000000083a00000| Untracked |  0
|   9|0x0000000083b00000, 0x0000000083b00000, 0x0000000083c00000|  0%| F|  |TAMS 0x0000000083b00000| PB 0x0000000083b00000| Untracked |  0
|  10|0x0000000083c00000, 0x0000000083c00000, 0x0000000083d00000|  0%| F|  |TAMS 0x0000000083c00000| PB 0x0000000083c00000| Untracked |  0
|  11|0x0000000083d00000, 0x0000000083d00000, 0x0000000083e00000|  0%| F|  |TAMS 0x0000000083d00000| PB 0x0000000083d00000| Untracked |  0
|  12|0x0000000083e00000, 0x0000000083e00000, 0x0000000083f00000|  0%| F|  |TAMS 0x0000000083e00000| PB 0x0000000083e00000| Untracked |  0
|  13|0x0000000083f00000, 0x0000000083f00000, 0x0000000084000000|  0%| F|  |TAMS 0x0000000083f00000| PB 0x0000000083f00000| Untracked |  0
|  14|0x0000000084000000, 0x0000000084000000, 0x0000000084100000|  0%| F|  |TAMS 0x0000000084000000| PB 0x0000000084000000| Untracked |  0
|  15|0x0000000084100000, 0x0000000084100000, 0x0000000084200000|  0%| F|  |TAMS 0x0000000084100000| PB 0x0000000084100000| Untracked |  0
|  16|0x0000000084200000, 0x0000000084200000, 0x0000000084300000|  0%| F|  |TAMS 0x0000000084200000| PB 0x0000000084200000| Untracked |  0
|  17|0x0000000084300000, 0x0000000084300000, 0x0000000084400000|  0%| F|  |TAMS 0x0000000084300000| PB 0x0000000084300000| Untracked |  0
|  18|0x0000000084400000, 0x0000000084400000, 0x0000000084500000|  0%| F|  |TAMS 0x0000000084400000| PB 0x0000000084400000| Untracked |  0
|  19|0x0000000084500000, 0x0000000084500000, 0x0000000084600000|  0%| F|  |TAMS 0x0000000084500000| PB 0x0000000084500000| Untracked |  0
|  20|0x0000000084600000, 0x0000000084600000, 0x0000000084700000|  0%| F|  |TAMS 0x0000000084600000| PB 0x0000000084600000| Untracked |  0
|  21|0x0000000084700000, 0x0000000084700000, 0x0000000084800000|  0%| F|  |TAMS 0x0000000084700000| PB 0x0000000084700000| Untracked |  0
|  22|0x0000000084800000, 0x0000000084800000, 0x0000000084900000|  0%| F|  |TAMS 0x0000000084800000| PB 0x0000000084800000| Untracked |  0
|  23|0x0000000084900000, 0x0000000084900000, 0x0000000084a00000|  0%| F|  |TAMS 0x0000000084900000| PB 0x0000000084900000| Untracked |  0
|  24|0x0000000084a00000, 0x0000000084a00000, 0x0000000084b00000|  0%| F|  |TAMS 0x0000000084a00000| PB 0x0000000084a00000| Untracked |  0
|  25|0x0000000084b00000, 0x0000000084b00000, 0x0000000084c00000|  0%| F|  |TAMS 0x0000000084b00000| PB 0x0000000084b00000| Untracked |  0
|  26|0x0000000084c00000, 0x0000000084c00000, 0x0000000084d00000|  0%| F|  |TAMS 0x0000000084c00000| PB 0x0000000084c00000| Untracked |  0
|  27|0x0000000084d00000, 0x0000000084d00000, 0x0000000084e00000|  0%| F|  |TAMS 0x0000000084d00000| PB 0x0000000084d00000| Untracked |  0
|  28|0x0000000084e00000, 0x0000000084e00000, 0x0000000084f00000|  0%| F|  |TAMS 0x0000000084e00000| PB 0x0000000084e00000| Untracked |  0
|  29|0x0000000084f00000, 0x0000000084f00000, 0x0000000085000000|  0%| F|  |TAMS 0x0000000084f00000| PB 0x0000000084f00000| Untracked |  0
|  30|0x0000000085000000, 0x0000000085000000, 0x0000000085100000|  0%| F|  |TAMS 0x0000000085000000| PB 0x0000000085000000| Untracked |  0
|  31|0x0000000085100000, 0x0000000085100000, 0x0000000085200000|  0%| F|  |TAMS 0x0000000085100000| PB 0x0000000085100000| Untracked |  0
|  32|0x0000000085200000, 0x0000000085200000, 0x0000000085300000|  0%| F|  |TAMS 0x0000000085200000| PB 0x0000000085200000| Untracked |  0
|  33|0x0000000085300000, 0x0000000085300000, 0x0000000085400000|  0%| F|  |TAMS 0x0000000085300000| PB 0x0000000085300000| Untracked |  0
|  34|0x0000000085400000, 0x0000000085400000, 0x0000000085500000|  0%| F|  |TAMS 0x0000000085400000| PB 0x0000000085400000| Untracked |  0
|  35|0x0000000085500000, 0x0000000085500000, 0x0000000085600000|  0%| F|  |TAMS 0x0000000085500000| PB 0x0000000085500000| Untracked |  0
|  36|0x0000000085600000, 0x0000000085600000, 0x0000000085700000|  0%| F|  |TAMS 0x0000000085600000| PB 0x0000000085600000| Untracked |  0
|  37|0x0000000085700000, 0x0000000085700000, 0x0000000085800000|  0%| F|  |TAMS 0x0000000085700000| PB 0x0000000085700000| Untracked |  0
|  38|0x0000000085800000, 0x0000000085800000, 0x0000000085900000|  0%| F|  |TAMS 0x0000000085800000| PB 0x0000000085800000| Untracked |  0
|  39|0x0000000085900000, 0x0000000085900000, 0x0000000085a00000|  0%| F|  |TAMS 0x0000000085900000| PB 0x0000000085900000| Untracked |  0
|  40|0x0000000085a00000, 0x0000000085a00000, 0x0000000085b00000|  0%| F|  |TAMS 0x0000000085a00000| PB 0x0000000085a00000| Untracked |  0
|  41|0x0000000085b00000, 0x0000000085b00000, 0x0000000085c00000|  0%| F|  |TAMS 0x0000000085b00000| PB 0x0000000085b00000| Untracked |  0
|  42|0x0000000085c00000, 0x0000000085c00000, 0x0000000085d00000|  0%| F|  |TAMS 0x0000000085c00000| PB 0x0000000085c00000| Untracked |  0
|  43|0x0000000085d00000, 0x0000000085d00000, 0x0000000085e00000|  0%| F|  |TAMS 0x0000000085d00000| PB 0x0000000085d00000| Untracked |  0
|  44|0x0000000085e00000, 0x0000000085e00000, 0x0000000085f00000|  0%| F|  |TAMS 0x0000000085e00000| PB 0x0000000085e00000| Untracked |  0
|  45|0x0000000085f00000, 0x0000000085f00000, 0x0000000086000000|  0%| F|  |TAMS 0x0000000085f00000| PB 0x0000000085f00000| Untracked |  0
|  46|0x0000000086000000, 0x0000000086000000, 0x0000000086100000|  0%| F|  |TAMS 0x0000000086000000| PB 0x0000000086000000| Untracked |  0
|  47|0x0000000086100000, 0x0000000086100000, 0x0000000086200000|  0%| F|  |TAMS 0x0000000086100000| PB 0x0000000086100000| Untracked |  0
|  48|0x0000000086200000, 0x0000000086200000, 0x0000000086300000|  0%| F|  |TAMS 0x0000000086200000| PB 0x0000000086200000| Untracked |  0
|  49|0x0000000086300000, 0x0000000086300000, 0x0000000086400000|  0%| F|  |TAMS 0x0000000086300000| PB 0x0000000086300000| Untracked |  0
|  50|0x0000000086400000, 0x0000000086400000, 0x0000000086500000|  0%| F|  |TAMS 0x0000000086400000| PB 0x0000000086400000| Untracked |  0
|  51|0x0000000086500000, 0x0000000086500000, 0x0000000086600000|  0%| F|  |TAMS 0x0000000086500000| PB 0x0000000086500000| Untracked |  0
|  52|0x0000000086600000, 0x0000000086600000, 0x0000000086700000|  0%| F|  |TAMS 0x0000000086600000| PB 0x0000000086600000| Untracked |  0
|  53|0x0000000086700000, 0x0000000086700000, 0x0000000086800000|  0%| F|  |TAMS 0x0000000086700000| PB 0x0000000086700000| Untracked |  0
|  54|0x0000000086800000, 0x0000000086800000, 0x0000000086900000|  0%| F|  |TAMS 0x0000000086800000| PB 0x0000000086800000| Untracked |  0
|  55|0x0000000086900000, 0x0000000086900000, 0x0000000086a00000|  0%| F|  |TAMS 0x0000000086900000| PB 0x0000000086900000| Untracked |  0
|  56|0x0000000086a00000, 0x0000000086a00000, 0x0000000086b00000|  0%| F|  |TAMS 0x0000000086a00000| PB 0x0000000086a00000| Untracked |  0
|  57|0x0000000086b00000, 0x0000000086b00000, 0x0000000086c00000|  0%| F|  |TAMS 0x0000000086b00000| PB 0x0000000086b00000| Untracked |  0
|  58|0x0000000086c00000, 0x0000000086c00000, 0x0000000086d00000|  0%| F|  |TAMS 0x0000000086c00000| PB 0x0000000086c00000| Untracked |  0
|  59|0x0000000086d00000, 0x0000000086d00000, 0x0000000086e00000|  0%| F|  |TAMS 0x0000000086d00000| PB 0x0000000086d00000| Untracked |  0
|  60|0x0000000086e00000, 0x0000000086e00000, 0x0000000086f00000|  0%| F|  |TAMS 0x0000000086e00000| PB 0x0000000086e00000| Untracked |  0
|  61|0x0000000086f00000, 0x0000000086f00000, 0x0000000087000000|  0%| F|  |TAMS 0x0000000086f00000| PB 0x0000000086f00000| Untracked |  0
|  62|0x0000000087000000, 0x0000000087000000, 0x0000000087100000|  0%| F|  |TAMS 0x0000000087000000| PB 0x0000000087000000| Untracked |  0
|  63|0x0000000087100000, 0x0000000087100000, 0x0000000087200000|  0%| F|  |TAMS 0x0000000087100000| PB 0x0000000087100000| Untracked |  0
|  64|0x0000000087200000, 0x0000000087200000, 0x0000000087300000|  0%| F|  |TAMS 0x0000000087200000| PB 0x0000000087200000| Untracked |  0
|  65|0x0000000087300000, 0x0000000087300000, 0x0000000087400000|  0%| F|  |TAMS 0x0000000087300000| PB 0x0000000087300000| Untracked |  0
|  66|0x0000000087400000, 0x0000000087400000, 0x0000000087500000|  0%| F|  |TAMS 0x0000000087400000| PB 0x0000000087400000| Untracked |  0
|  67|0x0000000087500000, 0x0000000087500000, 0x0000000087600000|  0%| F|  |TAMS 0x0000000087500000| PB 0x0000000087500000| Untracked |  0
|  68|0x0000000087600000, 0x0000000087600000, 0x0000000087700000|  0%| F|  |TAMS 0x0000000087600000| PB 0x0000000087600000| Untracked |  0
|  69|0x0000000087700000, 0x0000000087700000, 0x0000000087800000|  0%| F|  |TAMS 0x0000000087700000| PB 0x0000000087700000| Untracked |  0
|  70|0x0000000087800000, 0x0000000087800000, 0x0000000087900000|  0%| F|  |TAMS 0x0000000087800000| PB 0x0000000087800000| Untracked |  0
|  71|0x0000000087900000, 0x0000000087900000, 0x0000000087a00000|  0%| F|  |TAMS 0x0000000087900000| PB 0x0000000087900000| Untracked |  0
|  72|0x0000000087a00000, 0x0000000087a00000, 0x0000000087b00000|  0%| F|  |TAMS 0x0000000087a00000| PB 0x0000000087a00000| Untracked |  0
|  73|0x0000000087b00000, 0x0000000087b00000, 0x0000000087c00000|  0%| F|  |TAMS 0x0000000087b00000| PB 0x0000000087b00000| Untracked |  0
|  74|0x0000000087c00000, 0x0000000087c00000, 0x0000000087d00000|  0%| F|  |TAMS 0x0000000087c00000| PB 0x0000000087c00000| Untracked |  0
|  75|0x0000000087d00000, 0x0000000087d00000, 0x0000000087e00000|  0%| F|  |TAMS 0x0000000087d00000| PB 0x0000000087d00000| Untracked |  0
|  76|0x0000000087e00000, 0x0000000087e00000, 0x0000000087f00000|  0%| F|  |TAMS 0x0000000087e00000| PB 0x0000000087e00000| Untracked |  0
|  77|0x0000000087f00000, 0x0000000087f00000, 0x0000000088000000|  0%| F|  |TAMS 0x0000000087f00000| PB 0x0000000087f00000| Untracked |  0
|  78|0x0000000088000000, 0x0000000088000000, 0x0000000088100000|  0%| F|  |TAMS 0x0000000088000000| PB 0x0000000088000000| Untracked |  0
|  79|0x0000000088100000, 0x0000000088100000, 0x0000000088200000|  0%| F|  |TAMS 0x0000000088100000| PB 0x0000000088100000| Untracked |  0
|  80|0x0000000088200000, 0x0000000088200000, 0x0000000088300000|  0%| F|  |TAMS 0x0000000088200000| PB 0x0000000088200000| Untracked |  0
|  81|0x0000000088300000, 0x0000000088300000, 0x0000000088400000|  0%| F|  |TAMS 0x0000000088300000| PB 0x0000000088300000| Untracked |  0
|  82|0x0000000088400000, 0x0000000088400000, 0x0000000088500000|  0%| F|  |TAMS 0x0000000088400000| PB 0x0000000088400000| Untracked |  0
|  83|0x0000000088500000, 0x0000000088500000, 0x0000000088600000|  0%| F|  |TAMS 0x0000000088500000| PB 0x0000000088500000| Untracked |  0
|  84|0x0000000088600000, 0x0000000088600000, 0x0000000088700000|  0%| F|  |TAMS 0x0000000088600000| PB 0x0000000088600000| Untracked |  0
|  85|0x0000000088700000, 0x0000000088700000, 0x0000000088800000|  0%| F|  |TAMS 0x0000000088700000| PB 0x0000000088700000| Untracked |  0
|  86|0x0000000088800000, 0x0000000088800000, 0x0000000088900000|  0%| F|  |TAMS 0x0000000088800000| PB 0x0000000088800000| Untracked |  0
|  87|0x0000000088900000, 0x0000000088900000, 0x0000000088a00000|  0%| F|  |TAMS 0x0000000088900000| PB 0x0000000088900000| Untracked |  0
|  88|0x0000000088a00000, 0x0000000088a00000, 0x0000000088b00000|  0%| F|  |TAMS 0x0000000088a00000| PB 0x0000000088a00000| Untracked |  0
|  89|0x0000000088b00000, 0x0000000088b00000, 0x0000000088c00000|  0%| F|  |TAMS 0x0000000088b00000| PB 0x0000000088b00000| Untracked |  0
|  90|0x0000000088c00000, 0x0000000088c00000, 0x0000000088d00000|  0%| F|  |TAMS 0x0000000088c00000| PB 0x0000000088c00000| Untracked |  0
|  91|0x0000000088d00000, 0x0000000088d00000, 0x0000000088e00000|  0%| F|  |TAMS 0x0000000088d00000| PB 0x0000000088d00000| Untracked |  0
|  92|0x0000000088e00000, 0x0000000088e00000, 0x0000000088f00000|  0%| F|  |TAMS 0x0000000088e00000| PB 0x0000000088e00000| Untracked |  0
|  93|0x0000000088f00000, 0x0000000088f00000, 0x0000000089000000|  0%| F|  |TAMS 0x0000000088f00000| PB 0x0000000088f00000| Untracked |  0
|  94|0x0000000089000000, 0x0000000089000000, 0x0000000089100000|  0%| F|  |TAMS 0x0000000089000000| PB 0x0000000089000000| Untracked |  0
|  95|0x0000000089100000, 0x0000000089100000, 0x0000000089200000|  0%| F|  |TAMS 0x0000000089100000| PB 0x0000000089100000| Untracked |  0
|  96|0x0000000089200000, 0x0000000089200000, 0x0000000089300000|  0%| F|  |TAMS 0x0000000089200000| PB 0x0000000089200000| Untracked |  0
|  97|0x0000000089300000, 0x0000000089300000, 0x0000000089400000|  0%| F|  |TAMS 0x0000000089300000| PB 0x0000000089300000| Untracked |  0
|  98|0x0000000089400000, 0x0000000089400000, 0x0000000089500000|  0%| F|  |TAMS 0x0000000089400000| PB 0x0000000089400000| Untracked |  0
|  99|0x0000000089500000, 0x0000000089500000, 0x0000000089600000|  0%| F|  |TAMS 0x0000000089500000| PB 0x0000000089500000| Untracked |  0
| 100|0x0000000089600000, 0x0000000089600000, 0x0000000089700000|  0%| F|  |TAMS 0x0000000089600000| PB 0x0000000089600000| Untracked |  0
| 101|0x0000000089700000, 0x0000000089780000, 0x0000000089800000| 50%| E|  |TAMS 0x0000000089700000| PB 0x0000000089700000| Complete |  0
| 102|0x0000000089800000, 0x0000000089900000, 0x0000000089900000|100%| E|CS|TAMS 0x0000000089800000| PB 0x0000000089800000| Complete |  0
| 103|0x0000000089900000, 0x0000000089a00000, 0x0000000089a00000|100%| E|CS|TAMS 0x0000000089900000| PB 0x0000000089900000| Complete |  0
| 104|0x0000000089a00000, 0x0000000089b00000, 0x0000000089b00000|100%| E|CS|TAMS 0x0000000089a00000| PB 0x0000000089a00000| Complete |  0
| 105|0x0000000089b00000, 0x0000000089c00000, 0x0000000089c00000|100%| E|CS|TAMS 0x0000000089b00000| PB 0x0000000089b00000| Complete |  0
| 106|0x0000000089c00000, 0x0000000089d00000, 0x0000000089d00000|100%| E|CS|TAMS 0x0000000089c00000| PB 0x0000000089c00000| Complete |  0
| 107|0x0000000089d00000, 0x0000000089e00000, 0x0000000089e00000|100%| E|CS|TAMS 0x0000000089d00000| PB 0x0000000089d00000| Complete |  0
| 108|0x0000000089e00000, 0x0000000089f00000, 0x0000000089f00000|100%| E|CS|TAMS 0x0000000089e00000| PB 0x0000000089e00000| Complete |  0
| 109|0x0000000089f00000, 0x000000008a000000, 0x000000008a000000|100%| E|CS|TAMS 0x0000000089f00000| PB 0x0000000089f00000| Complete |  0
| 110|0x000000008a000000, 0x000000008a100000, 0x000000008a100000|100%| E|CS|TAMS 0x000000008a000000| PB 0x000000008a000000| Complete |  0
| 111|0x000000008a100000, 0x000000008a200000, 0x000000008a200000|100%| E|CS|TAMS 0x000000008a100000| PB 0x000000008a100000| Complete |  0
| 112|0x000000008a200000, 0x000000008a300000, 0x000000008a300000|100%| E|CS|TAMS 0x000000008a200000| PB 0x000000008a200000| Complete |  0
| 113|0x000000008a300000, 0x000000008a400000, 0x000000008a400000|100%| E|CS|TAMS 0x000000008a300000| PB 0x000000008a300000| Complete |  0
| 114|0x000000008a400000, 0x000000008a500000, 0x000000008a500000|100%| E|CS|TAMS 0x000000008a400000| PB 0x000000008a400000| Complete |  0
| 115|0x000000008a500000, 0x000000008a600000, 0x000000008a600000|100%| E|CS|TAMS 0x000000008a500000| PB 0x000000008a500000| Complete |  0
| 116|0x000000008a600000, 0x000000008a700000, 0x000000008a700000|100%| E|CS|TAMS 0x000000008a600000| PB 0x000000008a600000| Complete |  0
| 117|0x000000008a700000, 0x000000008a800000, 0x000000008a800000|100%| E|CS|TAMS 0x000000008a700000| PB 0x000000008a700000| Complete |  0
| 118|0x000000008a800000, 0x000000008a900000, 0x000000008a900000|100%| E|CS|TAMS 0x000000008a800000| PB 0x000000008a800000| Complete |  0
| 119|0x000000008a900000, 0x000000008aa00000, 0x000000008aa00000|100%| E|CS|TAMS 0x000000008a900000| PB 0x000000008a900000| Complete |  0
| 120|0x000000008aa00000, 0x000000008ab00000, 0x000000008ab00000|100%| E|CS|TAMS 0x000000008aa00000| PB 0x000000008aa00000| Complete |  0
| 121|0x000000008ab00000, 0x000000008ac00000, 0x000000008ac00000|100%| E|CS|TAMS 0x000000008ab00000| PB 0x000000008ab00000| Complete |  0
| 122|0x000000008ac00000, 0x000000008ad00000, 0x000000008ad00000|100%| E|CS|TAMS 0x000000008ac00000| PB 0x000000008ac00000| Complete |  0
| 123|0x000000008ad00000, 0x000000008ae00000, 0x000000008ae00000|100%| E|CS|TAMS 0x000000008ad00000| PB 0x000000008ad00000| Complete |  0
| 124|0x000000008ae00000, 0x000000008af00000, 0x000000008af00000|100%| E|CS|TAMS 0x000000008ae00000| PB 0x000000008ae00000| Complete |  0
| 125|0x000000008af00000, 0x000000008b000000, 0x000000008b000000|100%| E|CS|TAMS 0x000000008af00000| PB 0x000000008af00000| Complete |  0
|1996|0x00000000ffe00000, 0x00000000fff00000, 0x00000000fff00000|100%| O|  |TAMS 0x00000000ffe00000| PB 0x00000000ffe00000| Untracked |  0
|1997|0x00000000fff00000, 0x00000000fff1c330, 0x0000000100000000| 11%| O|  |TAMS 0x00000000fff00000| PB 0x00000000fff00000| Untracked |  0

Card table byte_map: [0x000002bfff060000,0x000002bfff450000] _byte_map_base: 0x000002bffec47000

Marking Bits: (CMBitMap*) 0x000002bfe6fd6b00
 Bits: [0x000002bf80000000, 0x000002bf81f38000)

Polling page: 0x000002bfe4fc0000

Metaspace:

Usage:
  Non-class:      7.62 MB used.
      Class:    696.74 KB used.
       Both:      8.30 MB used.

Virtual space:
  Non-class space:       64.00 MB reserved,       7.75 MB ( 12%) committed,  1 nodes.
      Class space:        1.00 GB reserved,     832.00 KB ( <1%) committed,  1 nodes.
             Both:        1.06 GB reserved,       8.56 MB ( <1%) committed. 

Chunk freelists:
   Non-Class:  8.22 MB
       Class:  15.23 MB
        Both:  23.46 MB

MaxMetaspaceSize: unlimited
CompressedClassSpaceSize: 1.00 GB
Initial GC threshold: 21.00 MB
Current GC threshold: 21.00 MB
CDS: on
 - commit_granule_bytes: 65536.
 - commit_granule_words: 8192.
 - virtual_space_node_default_size: 8388608.
 - enlarge_chunks_in_place: 1.
UseCompressedClassPointers 1, UseCompactObjectHeaders 0
Narrow klass pointer bits 32, Max shift 3
Narrow klass base: 0x000002bf84000000, Narrow klass shift: 0
Encoding Range: [0x000002bf84000000 - 0x000002c084000000), (4294967296 bytes)
Klass Range:    [0x000002bf84000000 - 0x000002bfc5000000), (1090519040 bytes)
Klass ID Range:  [8 - 1090519033) (1090519025)


Internal statistics:

num_allocs_failed_limit: 0.
num_arena_births: 104.
num_arena_deaths: 0.
num_vsnodes_births: 2.
num_vsnodes_deaths: 0.
num_space_committed: 137.
num_space_uncommitted: 0.
num_chunks_returned_to_freelist: 0.
num_chunks_taken_from_freelist: 128.
num_chunk_merges: 0.
num_chunk_splits: 84.
num_chunks_enlarged: 51.
num_inconsistent_stats: 0.

CodeHeap 'non-profiled nmethods': size=120064Kb used=337Kb max_used=337Kb free=119726Kb
 bounds [0x000002bff72e0000, 0x000002bff7550000, 0x000002bffe820000]
CodeHeap 'profiled nmethods': size=120000Kb used=1932Kb max_used=1932Kb free=118067Kb
 bounds [0x000002bfef820000, 0x000002bfefa90000, 0x000002bff6d50000]
CodeHeap 'non-nmethods': size=5696Kb used=1472Kb max_used=1489Kb free=4223Kb
 bounds [0x000002bff6d50000, 0x000002bff6fc0000, 0x000002bff72e0000]
CodeCache: size=245760Kb, used=3741Kb, max_used=3758Kb, free=242016Kb
 total_blobs=1916, nmethods=1283, adapters=537, full_count=0
Compilation: enabled, stopped_count=0, restarted_count=0

Compilation events (20 events):
Event: 1.778 Thread 0x000002bfc9015c50 nmethod 1206 0x000002bfef9dec88 code [0x000002bfef9deda0, 0x000002bfef9deef0]
Event: 1.778 Thread 0x000002bfc9015c50 1208       3       java.nio.IntBuffer::<init> (24 bytes)
Event: 1.778 Thread 0x000002bfc9015c50 nmethod 1208 0x000002bfef9def88 code [0x000002bfef9df0a0, 0x000002bfef9df248]
Event: 1.778 Thread 0x000002bfc9015c50 1207  s    3       java.io.FileDescriptor::close (9 bytes)
Event: 1.779 Thread 0x000002bfc9015c50 nmethod 1207 0x000002bfef9df288 code [0x000002bfef9df3e0, 0x000002bfef9df9e0]
Event: 1.780 Thread 0x000002bfc9015c50 1209       3       java.nio.HeapByteBuffer::getInt (30 bytes)
Event: 1.781 Thread 0x000002bfc9015c50 nmethod 1209 0x000002bfef9dfa08 code [0x000002bfef9dfbe0, 0x000002bfef9e09a0]
Event: 1.790 Thread 0x000002bfc9015c50 1210  s!   3       java.io.FileDescriptor::closeAll (163 bytes)
Event: 1.791 Thread 0x000002bfc9015c50 nmethod 1210 0x000002bfef9e0a88 code [0x000002bfef9e0c80, 0x000002bfef9e1c70]
Event: 1.791 Thread 0x000002bfc9015c50 1211       3       java.io.RandomAccessFile$1::close (11 bytes)
Event: 1.791 Thread 0x000002bfc9015c50 nmethod 1211 0x000002bfef9e1c88 code [0x000002bfef9e1de0, 0x000002bfef9e2510]
Event: 1.794 Thread 0x000002bfffa879c0 1212       4       sun.font.TrueTypeFont::getDirectoryEntry (38 bytes)
Event: 1.797 Thread 0x000002bfffa879c0 nmethod 1212 0x000002bff732d488 code [0x000002bff732d5a0, 0x000002bff732d798]
Event: 1.799 Thread 0x000002bfffa879c0 1213       4       java.lang.String::toLowerCase (29 bytes)
Event: 1.804 Thread 0x000002bfc9015c50 1215       3       sun.font.FontFamily::setFont (249 bytes)
Event: 1.805 Thread 0x000002bfc9015c50 nmethod 1215 0x000002bfef9e2588 code [0x000002bfef9e28c0, 0x000002bfef9e3f10]
Event: 1.866 Thread 0x000002bfc9015c50 1216       1       java.util.concurrent.locks.AbstractOwnableSynchronizer::getExclusiveOwnerThread (5 bytes)
Event: 1.866 Thread 0x000002bfc9015c50 nmethod 1216 0x000002bff732d808 code [0x000002bff732d900, 0x000002bff732d9c8]
Event: 1.930 Thread 0x000002bfc9015c50 1217       1       java.util.EventObject::getSource (5 bytes)
Event: 1.930 Thread 0x000002bfc9015c50 nmethod 1217 0x000002bff732db08 code [0x000002bff732dc00, 0x000002bff732dcc8]

GC Heap History (0 events):
No events

Dll operation events (13 events):
Event: 0.015 Loaded shared library C:\Users\Rick Bryson\.jdks\openjdk-24.0.2+12-54\bin\java.dll
Event: 0.048 Loaded shared library C:\Users\Rick Bryson\.jdks\openjdk-24.0.2+12-54\bin\jsvml.dll
Event: 0.085 Loaded shared library C:\Users\Rick Bryson\.jdks\openjdk-24.0.2+12-54\bin\zip.dll
Event: 0.091 Loaded shared library C:\Users\Rick Bryson\.jdks\openjdk-24.0.2+12-54\bin\instrument.dll
Event: 0.098 Loaded shared library C:\Users\Rick Bryson\.jdks\openjdk-24.0.2+12-54\bin\net.dll
Event: 0.102 Loaded shared library C:\Users\Rick Bryson\.jdks\openjdk-24.0.2+12-54\bin\nio.dll
Event: 0.108 Loaded shared library C:\Users\Rick Bryson\.jdks\openjdk-24.0.2+12-54\bin\zip.dll
Event: 0.132 Loaded shared library C:\Users\Rick Bryson\.jdks\openjdk-24.0.2+12-54\bin\extnet.dll
Event: 0.167 Loaded shared library C:\Users\Rick Bryson\.jdks\openjdk-24.0.2+12-54\bin\jimage.dll
Event: 0.181 Loaded shared library C:\Users\Rick Bryson\.jdks\openjdk-24.0.2+12-54\bin\awt.dll
Event: 0.549 Loaded shared library C:\Users\Rick Bryson\.jdks\openjdk-24.0.2+12-54\bin\jsound.dll
Event: 1.153 Loaded shared library C:\Users\Rick Bryson\.jdks\openjdk-24.0.2+12-54\bin\freetype.dll
Event: 1.156 Loaded shared library C:\Users\Rick Bryson\.jdks\openjdk-24.0.2+12-54\bin\fontmanager.dll

Deoptimization events (20 events):
Event: 1.315 Thread 0x000002bfc992df80 Uncommon trap: trap_request=0xffffff4d fr.pc=0x000002bff731f28c relative=0x000000000000044c
Event: 1.315 Thread 0x000002bfc992df80 Uncommon trap: reason=unstable_if action=reinterpret pc=0x000002bff731f28c method=java.lang.CharacterDataLatin1.isUpperCase(I)Z @ 7 c2
Event: 1.315 Thread 0x000002bfc992df80 DEOPT PACKING pc=0x000002bff731f28c sp=0x000000ce8ccfd840
Event: 1.315 Thread 0x000002bfc992df80 DEOPT UNPACKING pc=0x000002bff6e66382 sp=0x000000ce8ccfd748 mode 2
Event: 1.326 Thread 0x000002bfc992df80 DEOPT PACKING pc=0x000002bfef957198 sp=0x000000ce8ccfd8c0
Event: 1.326 Thread 0x000002bfc992df80 DEOPT UNPACKING pc=0x000002bff6da5722 sp=0x000000ce8ccfcd48 mode 0
Event: 1.328 Thread 0x000002bfc992df80 DEOPT PACKING pc=0x000002bfef957198 sp=0x000000ce8ccfd8c0
Event: 1.328 Thread 0x000002bfc992df80 DEOPT UNPACKING pc=0x000002bff6da5722 sp=0x000000ce8ccfcd48 mode 0
Event: 1.328 Thread 0x000002bfc992df80 DEOPT PACKING pc=0x000002bfef957198 sp=0x000000ce8ccfd8c0
Event: 1.328 Thread 0x000002bfc992df80 DEOPT UNPACKING pc=0x000002bff6da5722 sp=0x000000ce8ccfcd48 mode 0
Event: 1.328 Thread 0x000002bfc992df80 DEOPT PACKING pc=0x000002bfef957198 sp=0x000000ce8ccfd8c0
Event: 1.328 Thread 0x000002bfc992df80 DEOPT UNPACKING pc=0x000002bff6da5722 sp=0x000000ce8ccfcd48 mode 0
Event: 1.330 Thread 0x000002bfc992df80 DEOPT PACKING pc=0x000002bfef957198 sp=0x000000ce8ccfd8c0
Event: 1.330 Thread 0x000002bfc992df80 DEOPT UNPACKING pc=0x000002bff6da5722 sp=0x000000ce8ccfcd48 mode 0
Event: 1.333 Thread 0x000002bfc992df80 DEOPT PACKING pc=0x000002bfef957198 sp=0x000000ce8ccfd8c0
Event: 1.333 Thread 0x000002bfc992df80 DEOPT UNPACKING pc=0x000002bff6da5722 sp=0x000000ce8ccfcd48 mode 0
Event: 1.333 Thread 0x000002bfc992df80 DEOPT PACKING pc=0x000002bfef957198 sp=0x000000ce8ccfd8c0
Event: 1.333 Thread 0x000002bfc992df80 DEOPT UNPACKING pc=0x000002bff6da5722 sp=0x000000ce8ccfcd48 mode 0
Event: 1.333 Thread 0x000002bfc992df80 DEOPT PACKING pc=0x000002bfef957198 sp=0x000000ce8ccfd8c0
Event: 1.333 Thread 0x000002bfc992df80 DEOPT UNPACKING pc=0x000002bff6da5722 sp=0x000000ce8ccfcd48 mode 0

Classes loaded (20 events):
Event: 1.297 Loading class java/nio/ShortBuffer done
Event: 1.297 Loading class java/nio/ByteBufferAsShortBufferB done
Event: 1.298 Loading class sun/nio/cs/UTF_16$Decoder
Event: 1.298 Loading class sun/nio/cs/UnicodeDecoder
Event: 1.298 Loading class sun/nio/cs/UnicodeDecoder done
Event: 1.298 Loading class sun/nio/cs/UTF_16$Decoder done
Event: 1.299 Loading class sun/font/FileFont$CreatedFontFileDisposerRecord
Event: 1.299 Loading class sun/font/FileFont$CreatedFontFileDisposerRecord done
Event: 1.299 Loading class sun/font/SunFontManager$1
Event: 1.299 Loading class sun/font/SunFontManager$1 done
Event: 1.312 Loading class java/nio/channels/ClosedChannelException
Event: 1.312 Loading class java/nio/channels/ClosedChannelException done
Event: 1.312 Loading class java/awt/FontFormatException
Event: 1.312 Loading class java/awt/FontFormatException done
Event: 1.325 Loading class sun/font/SunFontManager$TTorT1Filter
Event: 1.325 Loading class sun/font/SunFontManager$TTorT1Filter done
Event: 1.334 Loading class sun/font/NativeFont
Event: 1.334 Loading class sun/font/NativeFont done
Event: 1.362 Loading class sun/font/SunFontManager$FamilyDescription
Event: 1.362 Loading class sun/font/SunFontManager$FamilyDescription done

Classes unloaded (0 events):
No events

Classes redefined (0 events):
No events

Internal exceptions (20 events):
Event: 0.417 Thread 0x000002bfe6f7e7a0 Exception <a 'java/lang/NoSuchMethodError'{0x000000008ab4a0a8}: 'java.lang.Object java.lang.invoke.DirectMethodHandle$Holder.invokeStaticInit(java.lang.Object, long, java.lang.Object)'> (0x000000008ab4a0a8) 
thrown [s\open\src\hotspot\share\interpreter\linkResolver.cpp, line 805]
Event: 0.417 Thread 0x000002bfe6f7e7a0 Exception <a 'java/lang/NoSuchMethodError'{0x000000008ab524e0}: 'java.lang.Object java.lang.invoke.DirectMethodHandle$Holder.invokeStatic(java.lang.Object, long)'> (0x000000008ab524e0) 
thrown [s\open\src\hotspot\share\interpreter\linkResolver.cpp, line 805]
Event: 0.418 Thread 0x000002bfe6f7e7a0 Exception <a 'java/lang/NoSuchMethodError'{0x000000008ab5a500}: 'java.lang.Object java.lang.invoke.DirectMethodHandle$Holder.invokeStaticInit(java.lang.Object, long)'> (0x000000008ab5a500) 
thrown [s\open\src\hotspot\share\interpreter\linkResolver.cpp, line 805]
Event: 0.446 Thread 0x000002bfe6f7e7a0 Exception <a 'java/lang/NoSuchMethodError'{0x000000008aa0a4e8}: 'void java.lang.invoke.DirectMethodHandle$Holder.invokeSpecial(java.lang.Object, java.lang.Object, java.lang.Object)'> (0x000000008aa0a4e8) 
thrown [s\open\src\hotspot\share\interpreter\linkResolver.cpp, line 805]
Event: 0.458 Thread 0x000002bfe6f7e7a0 Exception <a 'java/lang/NoSuchMethodError'{0x000000008aa79d58}: 'java.lang.Object java.lang.invoke.DirectMethodHandle$Holder.newInvokeSpecial(java.lang.Object, java.lang.Object, java.lang.Object, java.lang.Object, java.lang.Object)'> (0x000000008aa79d58) 
thrown [s\open\src\hotspot\share\interpreter\linkResolver.cpp, line 805]
Event: 0.463 Thread 0x000002bfe6f7e7a0 Exception <a 'java/lang/NoSuchMethodError'{0x000000008aae2738}: 'java.lang.Object java.lang.invoke.DirectMethodHandle$Holder.invokeStatic(java.lang.Object, int, java.lang.Object)'> (0x000000008aae2738) 
thrown [s\open\src\hotspot\share\interpreter\linkResolver.cpp, line 805]
Event: 0.495 Thread 0x000002bfe6f7e7a0 Exception <a 'java/lang/ClassNotFoundException'{0x000000008a710bd0}: com/sun/swing/internal/plaf/metal/resources/spi/metalProvider> (0x000000008a710bd0) 
thrown [s\open\src\hotspot\share\classfile\systemDictionary.cpp, line 327]
Event: 0.496 Thread 0x000002bfe6f7e7a0 Exception <a 'java/lang/ClassNotFoundException'{0x000000008a7145e0}: com/sun/swing/internal/plaf/basic/resources/spi/basicProvider> (0x000000008a7145e0) 
thrown [s\open\src\hotspot\share\classfile\systemDictionary.cpp, line 327]
Event: 0.507 Thread 0x000002bfe6f7e7a0 Exception <a 'java/lang/NoSuchMethodError'{0x000000008a739ea8}: 'int java.lang.invoke.Invokers$Holder.invokeExact_MT(java.lang.Object, java.lang.Object)'> (0x000000008a739ea8) 
thrown [s\open\src\hotspot\share\interpreter\linkResolver.cpp, line 805]
Event: 1.038 Thread 0x000002bfe6f7e7a0 Exception <a 'java/lang/NoSuchMethodError'{0x000000008a689020}: 'java.lang.Object java.lang.invoke.DirectMethodHandle$Holder.invokeStaticInit(java.lang.Object, int, int, int, int)'> (0x000000008a689020) 
thrown [s\open\src\hotspot\share\interpreter\linkResolver.cpp, line 805]
Event: 1.069 Thread 0x000002bfe6f7e7a0 Exception <a 'java/lang/NoSuchMethodError'{0x000000008a55c658}: 'java.lang.Object java.lang.invoke.DirectMethodHandle$Holder.invokeStaticInit(java.lang.Object, java.lang.Object, int, int, int, int)'> (0x000000008a55c658) 
thrown [s\open\src\hotspot\share\interpreter\linkResolver.cpp, line 805]
Event: 1.124 Thread 0x000002bfc93fdad0 Exception <a 'java/lang/NoSuchMethodError'{0x000000008ab905a8}: 'void java.lang.invoke.DirectMethodHandle$Holder.invokeVirtual(java.lang.Object, java.lang.Object)'> (0x000000008ab905a8) 
thrown [s\open\src\hotspot\share\interpreter\linkResolver.cpp, line 805]
Event: 1.144 Thread 0x000002bfe6f7e7a0 Exception <a 'java/lang/NoSuchMethodError'{0x000000008a4fcf10}: 'void java.lang.invoke.DirectMethodHandle$Holder.invokeStaticInit(java.lang.Object)'> (0x000000008a4fcf10) 
thrown [s\open\src\hotspot\share\interpreter\linkResolver.cpp, line 805]
Event: 1.167 Thread 0x000002bfe6f7e7a0 Exception <a 'java/lang/NoSuchMethodError'{0x000000008a3b35d8}: 'long java.lang.invoke.DirectMethodHandle$Holder.invokeStaticInit(java.lang.Object, long, long, long, long)'> (0x000000008a3b35d8) 
thrown [s\open\src\hotspot\share\interpreter\linkResolver.cpp, line 805]
Event: 1.167 Thread 0x000002bfe6f7e7a0 Exception <a 'java/lang/NoSuchMethodError'{0x000000008a3bbfe0}: 'java.lang.Object java.lang.invoke.DirectMethodHandle$Holder.invokeInterface(java.lang.Object, java.lang.Object, long, long)'> (0x000000008a3bbfe0) 
thrown [s\open\src\hotspot\share\interpreter\linkResolver.cpp, line 805]
Event: 1.168 Thread 0x000002bfe6f7e7a0 Exception <a 'java/lang/NoSuchMethodError'{0x000000008a3d48b8}: 'void java.lang.invoke.DirectMethodHandle$Holder.invokeStaticInit(java.lang.Object, java.lang.Object, long, java.lang.Object)'> (0x000000008a3d48b8) 
thrown [s\open\src\hotspot\share\interpreter\linkResolver.cpp, line 805]
Event: 1.169 Thread 0x000002bfe6f7e7a0 Exception <a 'java/lang/NoSuchMethodError'{0x000000008a3dd4a0}: 'long java.lang.invoke.DirectMethodHandle$Holder.invokeStatic(java.lang.Object, long, long)'> (0x000000008a3dd4a0) 
thrown [s\open\src\hotspot\share\interpreter\linkResolver.cpp, line 805]
Event: 1.173 Thread 0x000002bfe6f7e7a0 Exception <a 'java/lang/NoSuchMethodError'{0x000000008a206f90}: 'java.lang.Object java.lang.invoke.DirectMethodHandle$Holder.newInvokeSpecial(java.lang.Object, int, java.lang.Object)'> (0x000000008a206f90) 
thrown [s\open\src\hotspot\share\interpreter\linkResolver.cpp, line 805]
Event: 1.312 Thread 0x000002bfc992df80 Exception <a 'java/io/FileNotFoundException'{0x000000008a35fc58}> (0x000000008a35fc58) 
thrown [s\open\src\hotspot\share\prims\jni.cpp, line 518]
Event: 1.319 Thread 0x000002bfc992df80 Exception <a 'java/io/FileNotFoundException'{0x000000008a377198}> (0x000000008a377198) 
thrown [s\open\src\hotspot\share\prims\jni.cpp, line 518]

VM Operations (10 events):
Event: 0.990 Executing VM operation: HandshakeAllThreads (Deoptimize)
Event: 0.990 Executing VM operation: HandshakeAllThreads (Deoptimize) done
Event: 1.006 Executing VM operation: HandshakeAllThreads (Deoptimize)
Event: 1.006 Executing VM operation: HandshakeAllThreads (Deoptimize) done
Event: 1.172 Executing VM operation: HandshakeAllThreads (Deoptimize)
Event: 1.172 Executing VM operation: HandshakeAllThreads (Deoptimize) done
Event: 1.259 Executing VM operation: HandshakeAllThreads (Deoptimize)
Event: 1.260 Executing VM operation: HandshakeAllThreads (Deoptimize) done
Event: 1.295 Executing VM operation: HandshakeAllThreads (Deoptimize)
Event: 1.296 Executing VM operation: HandshakeAllThreads (Deoptimize) done

Memory protections (0 events):
No events

Nmethod flushes (0 events):
No events

Events (20 events):
Event: 0.045 Thread 0x000002bfe6f7e7a0 Thread added: 0x000002bfffa722e0
Event: 0.045 Thread 0x000002bfe6f7e7a0 Thread added: 0x000002bfffa73400
Event: 0.045 Thread 0x000002bfe6f7e7a0 Thread added: 0x000002bfffa74280
Event: 0.045 Thread 0x000002bfe6f7e7a0 Thread added: 0x000002bfffa75dc0
Event: 0.045 Thread 0x000002bfe6f7e7a0 Thread added: 0x000002bfffa76a20
Event: 0.046 Thread 0x000002bfe6f7e7a0 Thread added: 0x000002bfffa879c0
Event: 0.046 Thread 0x000002bfe6f7e7a0 Thread added: 0x000002bfc9015c50
Event: 0.094 Thread 0x000002bfe6f7e7a0 Thread added: 0x000002bfc91ea2a0
Event: 0.116 Thread 0x000002bfe6f7e7a0 Thread added: 0x000002bfc91f7b30
Event: 0.117 Thread 0x000002bfe6f7e7a0 Thread added: 0x000002bfc91f84b0
Event: 0.258 Thread 0x000002bfe6f7e7a0 Thread added: 0x000002bfc97286a0
Event: 0.259 Thread 0x000002bfe6f7e7a0 Thread added: 0x000002bfc93fd390
Event: 0.259 Thread 0x000002bfe6f7e7a0 Thread added: 0x000002bfc93fdad0
Event: 0.741 Thread 0x000002bfe6f7e7a0 Thread added: 0x000002bfc98991c0
Event: 0.985 Thread 0x000002bfe6f7e7a0 Thread added: 0x000002bfc98d49c0
Event: 1.123 Thread 0x000002bfc93fdad0 Thread added: 0x000002bfc992df80
Event: 1.259 Thread 0x000002bfe6f7e7a0 Thread exited: 0x000002bfe6f7e7a0
Event: 1.259 Thread 0x000002bfe6f7e7a0 Thread added: 0x000002bfe6f7e7a0
Event: 1.362 Thread 0x000002bfffa879c0 Thread added: 0x000002bfc9012760
Event: 1.480 Thread 0x000002bfc9012760 Thread exited: 0x000002bfc9012760


Dynamic libraries:
0x00007ff778ef0000 - 0x00007ff778efe000 	C:\Users\Rick Bryson\.jdks\openjdk-24.0.2+12-54\bin\java.exe
0x00007ffac6640000 - 0x00007ffac68a8000 	C:\WINDOWS\SYSTEM32\ntdll.dll
0x00007ffac4b50000 - 0x00007ffac4c19000 	C:\WINDOWS\System32\KERNEL32.DLL
0x00007ffac3c80000 - 0x00007ffac4078000 	C:\WINDOWS\System32\KERNELBASE.dll
0x00007ffac4290000 - 0x00007ffac43db000 	C:\WINDOWS\System32\ucrtbase.dll
0x00007ffabca00000 - 0x00007ffabca1b000 	C:\Users\Rick Bryson\.jdks\openjdk-24.0.2+12-54\bin\VCRUNTIME140.dll
0x00007ffabac30000 - 0x00007ffabac46000 	C:\Users\Rick Bryson\.jdks\openjdk-24.0.2+12-54\bin\jli.dll
0x00007ffac6430000 - 0x00007ffac65f7000 	C:\WINDOWS\System32\USER32.dll
0x00007ffac3ba0000 - 0x00007ffac3bc7000 	C:\WINDOWS\System32\win32u.dll
0x00007ffac4c20000 - 0x00007ffac4c4b000 	C:\WINDOWS\System32\GDI32.dll
0x00007ffac3850000 - 0x00007ffac397c000 	C:\WINDOWS\System32\gdi32full.dll
0x00007ffaacbf0000 - 0x00007ffaace84000 	C:\WINDOWS\WinSxS\amd64_microsoft.windows.common-controls_6595b64144ccf1df_6.0.26100.7019_none_3e06ffa0e335b8a8\COMCTL32.dll
0x00007ffac3bd0000 - 0x00007ffac3c73000 	C:\WINDOWS\System32\msvcp_win.dll
0x00007ffac5140000 - 0x00007ffac51e9000 	C:\WINDOWS\System32\msvcrt.dll
0x00007ffac5100000 - 0x00007ffac5131000 	C:\WINDOWS\System32\IMM32.DLL
0x00007ffabc9f0000 - 0x00007ffabc9fc000 	C:\Users\Rick Bryson\.jdks\openjdk-24.0.2+12-54\bin\vcruntime140_1.dll
0x00007ffaa37a0000 - 0x00007ffaa382e000 	C:\Users\Rick Bryson\.jdks\openjdk-24.0.2+12-54\bin\msvcp140.dll
0x00007ffa2cb10000 - 0x00007ffa2d8b1000 	C:\Users\Rick Bryson\.jdks\openjdk-24.0.2+12-54\bin\server\jvm.dll
0x00007ffac55b0000 - 0x00007ffac5664000 	C:\WINDOWS\System32\ADVAPI32.dll
0x00007ffac4c50000 - 0x00007ffac4cf6000 	C:\WINDOWS\System32\sechost.dll
0x00007ffac4f70000 - 0x00007ffac5088000 	C:\WINDOWS\System32\RPCRT4.dll
0x00007ffac4ee0000 - 0x00007ffac4f54000 	C:\WINDOWS\System32\WS2_32.dll
0x00007ffac35f0000 - 0x00007ffac364e000 	C:\WINDOWS\SYSTEM32\POWRPROF.dll
0x00007ffab28b0000 - 0x00007ffab28bb000 	C:\WINDOWS\SYSTEM32\VERSION.dll
0x00007ffabcc20000 - 0x00007ffabcc55000 	C:\WINDOWS\SYSTEM32\WINMM.dll
0x00007ffac35d0000 - 0x00007ffac35e4000 	C:\WINDOWS\SYSTEM32\UMPDC.dll
0x00007ffac2550000 - 0x00007ffac256b000 	C:\WINDOWS\SYSTEM32\kernel.appcore.dll
0x00007ffaba9f0000 - 0x00007ffaba9fa000 	C:\Users\Rick Bryson\.jdks\openjdk-24.0.2+12-54\bin\jimage.dll
0x00007ffac0dc0000 - 0x00007ffac1002000 	C:\WINDOWS\SYSTEM32\DBGHELP.DLL
0x00007ffac51f0000 - 0x00007ffac557b000 	C:\WINDOWS\System32\combase.dll
0x00007ffac58f0000 - 0x00007ffac59c7000 	C:\WINDOWS\System32\OLEAUT32.dll
0x00007ffabcbe0000 - 0x00007ffabcc1c000 	C:\WINDOWS\SYSTEM32\dbgcore.DLL
0x00007ffac3980000 - 0x00007ffac3a25000 	C:\WINDOWS\System32\bcryptPrimitives.dll
0x00007ffaba9c0000 - 0x00007ffaba9cf000 	C:\Users\Rick Bryson\.jdks\openjdk-24.0.2+12-54\bin\instrument.dll
0x00007ffaba9a0000 - 0x00007ffaba9be000 	C:\Users\Rick Bryson\.jdks\openjdk-24.0.2+12-54\bin\java.dll
0x00007ffac6130000 - 0x00007ffac62c7000 	C:\WINDOWS\System32\ole32.dll
0x00007ffac59d0000 - 0x00007ffac611f000 	C:\WINDOWS\System32\SHELL32.dll
0x00007ffac3a30000 - 0x00007ffac3b9b000 	C:\WINDOWS\System32\wintypes.dll
0x00007ffac1380000 - 0x00007ffac1bdd000 	C:\WINDOWS\SYSTEM32\windows.storage.dll
0x00007ffac4a50000 - 0x00007ffac4b42000 	C:\WINDOWS\System32\SHCORE.dll
0x00007ffac63c0000 - 0x00007ffac6427000 	C:\WINDOWS\System32\shlwapi.dll
0x00007ffac36b0000 - 0x00007ffac36d9000 	C:\WINDOWS\SYSTEM32\profapi.dll
0x00007ffaa3070000 - 0x00007ffaa3147000 	C:\Users\Rick Bryson\.jdks\openjdk-24.0.2+12-54\bin\jsvml.dll
0x00007ffaba980000 - 0x00007ffaba997000 	C:\Users\Rick Bryson\.jdks\openjdk-24.0.2+12-54\bin\zip.dll
0x00007ffaba930000 - 0x00007ffaba940000 	C:\Users\Rick Bryson\.jdks\openjdk-24.0.2+12-54\bin\net.dll
0x00007ffac2ac0000 - 0x00007ffac2b2b000 	C:\WINDOWS\system32\mswsock.dll
0x00007ffaba910000 - 0x00007ffaba926000 	C:\Users\Rick Bryson\.jdks\openjdk-24.0.2+12-54\bin\nio.dll
0x00007ffaba900000 - 0x00007ffaba909000 	C:\Users\Rick Bryson\.jdks\openjdk-24.0.2+12-54\bin\extnet.dll
0x00007ffa01900000 - 0x00007ffa01a7e000 	C:\Users\Rick Bryson\.jdks\openjdk-24.0.2+12-54\bin\awt.dll
0x00007ffabcac0000 - 0x00007ffabcb5f000 	C:\WINDOWS\SYSTEM32\apphelp.dll
0x00007ffac0480000 - 0x00007ffac04b0000 	C:\WINDOWS\system32\DWMAPI.DLL
0x00007ffabcfb0000 - 0x00007ffabd05a000 	C:\WINDOWS\system32\uxtheme.dll
0x00007ffa8f930000 - 0x00007ffa8fa3c000 	C:\WINDOWS\system32\opengl32.dll
0x00007ffa95e60000 - 0x00007ffa95e8d000 	C:\WINDOWS\SYSTEM32\GLU32.dll
0x00007ffac02d0000 - 0x00007ffac0313000 	C:\WINDOWS\SYSTEM32\dxcore.dll
0x00007ffa72b70000 - 0x00007ffa72ca1000 	C:\ProgramData\A-Volute\DellInc.AlienwareSoundCenter\Modules\ScheduledModules\x64\AudioDevProps2.dll
0x00007ffa7e670000 - 0x00007ffa7e71e000 	C:\ProgramData\A-Volute\DellInc.AlienwareSoundCenter\Modules\ScheduledModules\x64\NahimicOSD.dll
0x00007ffa8dbd0000 - 0x00007ffa8dbf1000 	C:\ProgramData\A-Volute\DellInc.AlienwareSoundCenter\Modules\ScheduledModules\x64\ProductInfo.dll
0x00007ffac5780000 - 0x00007ffac58de000 	C:\WINDOWS\System32\MSCTF.dll
0x00007ffa2ee90000 - 0x00007ffa2eea2000 	C:\Users\Rick Bryson\.jdks\openjdk-24.0.2+12-54\bin\jsound.dll
0x00007ffa2e2a0000 - 0x00007ffa2e334000 	C:\WINDOWS\SYSTEM32\DSOUND.dll
0x00007ffaac620000 - 0x00007ffaac656000 	C:\WINDOWS\SYSTEM32\winmmbase.dll
0x00007ffa2e1e0000 - 0x00007ffa2e291000 	C:\WINDOWS\SYSTEM32\ResampleDmo.DLL
0x00007ffabc830000 - 0x00007ffabc83e000 	C:\WINDOWS\SYSTEM32\msdmo.dll
0x00007ffac62f0000 - 0x00007ffac63a0000 	C:\WINDOWS\System32\clbcatq.dll
0x00007ffab2000000 - 0x00007ffab2097000 	C:\WINDOWS\System32\MMDevApi.dll
0x00007ffac32e0000 - 0x00007ffac330d000 	C:\WINDOWS\System32\DEVOBJ.dll
0x00007ffac3310000 - 0x00007ffac3367000 	C:\WINDOWS\SYSTEM32\cfgmgr32.dll
0x00007ffa971b0000 - 0x00007ffa97365000 	C:\WINDOWS\SYSTEM32\AudioSes.dll
0x00007ffabab10000 - 0x00007ffabac13000 	C:\WINDOWS\SYSTEM32\PropSys.dll
0x00007ffa73180000 - 0x00007ffa731c7000 	C:\WINDOWS\SYSTEM32\wdmaud.drv
0x00007ffa78880000 - 0x00007ffa7888f000 	C:\WINDOWS\SYSTEM32\msacm32.drv
0x00007ffa76a20000 - 0x00007ffa76a41000 	C:\WINDOWS\SYSTEM32\MSACM32.dll
0x00007ffaa35f0000 - 0x00007ffaa35fc000 	C:\WINDOWS\SYSTEM32\midimap.dll
0x00007ffac0800000 - 0x00007ffac0814000 	C:\WINDOWS\SYSTEM32\resourcepolicyclient.dll
0x00007ffac2d80000 - 0x00007ffac2d9b000 	C:\WINDOWS\SYSTEM32\CRYPTSP.dll
0x00007ffac24b0000 - 0x00007ffac24ea000 	C:\WINDOWS\system32\rsaenh.dll
0x00007ffac2b70000 - 0x00007ffac2b9b000 	C:\WINDOWS\SYSTEM32\USERENV.dll
0x00007ffac3680000 - 0x00007ffac36aa000 	C:\WINDOWS\SYSTEM32\bcrypt.dll
0x00007ffac2da0000 - 0x00007ffac2dac000 	C:\WINDOWS\SYSTEM32\CRYPTBASE.dll
0x00007ffac2070000 - 0x00007ffac20a4000 	C:\WINDOWS\SYSTEM32\IPHLPAPI.DLL
0x00007ffac62d0000 - 0x00007ffac62da000 	C:\WINDOWS\System32\NSI.dll
0x00007ffa13280000 - 0x00007ffa13307000 	C:\Users\Rick Bryson\.jdks\openjdk-24.0.2+12-54\bin\freetype.dll
0x00007ffa015b0000 - 0x00007ffa01697000 	C:\Users\Rick Bryson\.jdks\openjdk-24.0.2+12-54\bin\fontmanager.dll
0x00007ffaa0e60000 - 0x00007ffaa0fb0000 	C:\Windows\System32\Windows.UI.dll
0x00007ffaba490000 - 0x00007ffaba49b000 	C:\WINDOWS\SYSTEM32\avrt.dll
0x00007ffa9e220000 - 0x00007ffa9e367000 	C:\WINDOWS\SYSTEM32\textinputframework.dll
0x00007ffaaecc0000 - 0x00007ffaaed1e000 	C:\WINDOWS\system32\ApplicationTargetedFeatureDatabase.dll
0x00007ffab3f90000 - 0x00007ffab41d4000 	C:\Windows\System32\twinapi.appcore.dll
0x00007ffa93660000 - 0x00007ffa93a79000 	C:\Windows\System32\uiautomationcore.dll
0x00007ffa98950000 - 0x00007ffa989c9000 	C:\Windows\System32\OLEACC.dll

JVMTI agents:
C:\Program Files\JetBrains\IntelliJ IDEA 2025.2\lib\idea_rt.jar path:C:\Users\Rick Bryson\.jdks\openjdk-24.0.2+12-54\bin\instrument.dll, loaded, initialized, instrumentlib options:50599

dbghelp: loaded successfully - version: 4.0.5 - missing functions: none
symbol engine: initialized successfully - sym options: 0x614 - pdb path: .;C:\Users\Rick Bryson\.jdks\openjdk-24.0.2+12-54\bin;C:\WINDOWS\SYSTEM32;C:\WINDOWS\WinSxS\amd64_microsoft.windows.common-controls_6595b64144ccf1df_6.0.26100.7019_none_3e06ffa0e335b8a8;C:\Users\Rick Bryson\.jdks\openjdk-24.0.2+12-54\bin\server;C:\ProgramData\A-Volute\DellInc.AlienwareSoundCenter\Modules\ScheduledModules\x64

VM Arguments:
jvm_args: -javaagent:C:\Program Files\JetBrains\IntelliJ IDEA 2025.2\lib\idea_rt.jar=50599 -Dfile.encoding=UTF-8 -Dsun.stdout.encoding=UTF-8 -Dsun.stderr.encoding=UTF-8 
java_command: App
java_class_path (initial): D:\Personal Projects\Java\Reverse_Pacman\out\production\Reverse_Pacman
Launcher Type: SUN_STANDARD

[Global flags]
     intx CICompilerCount                          = 4                                         {product} {ergonomic}
     uint ConcGCThreads                            = 2                                         {product} {ergonomic}
     uint G1ConcRefinementThreads                  = 8                                         {product} {ergonomic}
   size_t G1HeapRegionSize                         = 1048576                                   {product} {ergonomic}
   size_t InitialHeapSize                          = 132120576                                 {product} {ergonomic}
   size_t MarkStackSize                            = 4194304                                   {product} {ergonomic}
   size_t MarkStackSizeMax                         = 536870912                                 {product} {ergonomic}
   size_t MaxHeapSize                              = 2095054848                                {product} {ergonomic}
   size_t MaxNewSize                               = 1256194048                                {product} {ergonomic}
   size_t MinHeapDeltaBytes                        = 1048576                                   {product} {ergonomic}
   size_t MinHeapSize                              = 8388608                                   {product} {ergonomic}
    uintx NonNMethodCodeHeapSize                   = 5832704                                {pd product} {ergonomic}
    uintx NonProfiledCodeHeapSize                  = 122945536                              {pd product} {ergonomic}
    uintx ProfiledCodeHeapSize                     = 122880000                              {pd product} {ergonomic}
    uintx ReservedCodeCacheSize                    = 251658240                              {pd product} {ergonomic}
     bool SegmentedCodeCache                       = true                                      {product} {ergonomic}
   size_t SoftMaxHeapSize                          = 2095054848                             {manageable} {ergonomic}
     bool UseCompressedOops                        = true                           {product lp64_product} {ergonomic}
     bool UseG1GC                                  = true                                      {product} {ergonomic}
     bool UseLargePagesIndividualAllocation        = false                                  {pd product} {ergonomic}

Logging:
Log output configuration:
 #0: stdout all=warning uptime,level,tags foldmultilines=false
 #1: stderr all=off uptime,level,tags foldmultilines=false

Environment Variables:
PATH=C:\Python313\Scripts\;C:\Python313\;C:\Program Files\Common Files\Oracle\Java\javapath;C:\Program Files (x86)\NVIDIA Corporation\PhysX\Common;C:\Windows\system32;C:\Windows;C:\Windows\System32\Wbem;C:\Windows\System32\WindowsPowerShell\v1.0\;C:\Windows\System32\OpenSSH\;C:\Program Files\NVIDIA Corporation\NVIDIA NvDLISR;C:\Program Files\Inkscape\bin;C:\HaxeToolkit\haxe;C:\HaxeToolkit\neko;C:\Program Files\Git\cmd;C:\WINDOWS\system32;C:\WINDOWS;C:\WINDOWS\System32\Wbem;C:\WINDOWS\System32\WindowsPowerShell\v1.0\;C:\WINDOWS\System32\OpenSSH\;C:\Program Files\dotnet\;C:\xampp\php;C:\ProgramData\ComposerSetup\bin;C:\Program Files\IBM\SPSS\Statistics\23\JRE\bin;C:\Program Files\nodejs\;C:\ProgramData\chocolatey\bin;C:\Users\Rick Bryson\AppData\Local\Microsoft\WindowsApps;C:\Users\Rick Bryson\AppData\Local\Programs\Microsoft VS Code\bin;C:\Users\Rick Bryson\AppData\Roaming\Composer\vendor\bin;C:\msys64\ucrt64\bin;C:\Users\Rick Bryson\AppData\Local\GitHubDesktop\bin;C:\Users\Rick Bryson\AppData\Roaming\npm
USERNAME=Rick Bryson
OS=Windows_NT
PROCESSOR_IDENTIFIER=Intel64 Family 6 Model 165 Stepping 2, GenuineIntel
TMP=C:\Users\Rick Bryson\AppData\Local\Temp
TEMP=C:\Users\Rick Bryson\AppData\Local\Temp




Periodic native trim disabled

---------------  S Y S T E M  ---------------

OS:
 Windows 11 , 64 bit Build 26100 (10.0.26100.7019)
OS uptime: 3 days 20:15 hours
Hyper-V role detected

CPU: total 8 (initial active 8) (4 cores per cpu, 2 threads per core) family 6 model 165 stepping 2 microcode 0xfc, cx8, cmov, fxsr, ht, mmx, 3dnowpref, sse, sse2, sse3, ssse3, sse4.1, sse4.2, popcnt, lzcnt, tsc, tscinvbit, avx, avx2, aes, erms, clmul, bmi1, bmi2, adx, fma, vzeroupper, clflush, clflushopt, hv, rdtscp, f16c
Processor Information for the first 8 processors :
  Max Mhz: 2496, Current Mhz: 2496, Mhz Limit: 2496

Memory: 4k page, system-wide physical 7985M (1169M free)
TotalPageFile size 32561M (AvailPageFile size 242M)
current process WorkingSet (physical memory assigned to process): 108M, peak: 108M
current process commit charge ("private bytes"): 235M, peak: 235M

vm_info: OpenJDK 64-Bit Server VM (24.0.2+12-54) for windows-amd64 JRE (24.0.2+12-54), built on 2025-07-08T12:10:27Z with MS VC++ 17.6 (VS2022)

END.
